<?xml version="1.0" encoding="UTF-8"?>
<testng-results skipped="0" failed="0" ignored="0" total="2" passed="2">
  <reporter-output>
  </reporter-output>
  <suite name="Suite" duration-ms="15387" started-at="2017-12-27T03:06:33Z" finished-at="2017-12-27T03:06:48Z">
    <groups>
    </groups>
    <test name="firefoxTestCases" duration-ms="8730" started-at="2017-12-27T03:06:33Z" finished-at="2017-12-27T03:06:42Z">
      <class name="crossBrowser.VerifyTitle">
        <test-method status="PASS" signature="verifyPageTitle(java.lang.String)[pri:0, instance:crossBrowser.VerifyTitle@5edf2821]" name="verifyPageTitle" duration-ms="8688" started-at="2017-12-26T22:06:33Z" finished-at="2017-12-26T22:06:42Z">
          <params>
            <param index="0">
              <value>
                <![CDATA[firefox]]>
              </value>
            </param>
          </params>
          <reporter-output>
          </reporter-output>
        </test-method> <!-- verifyPageTitle -->
      </class> <!-- crossBrowser.VerifyTitle -->
    </test> <!-- firefoxTestCases -->
    <test name="chromeTestCases" duration-ms="6444" started-at="2017-12-27T03:06:42Z" finished-at="2017-12-27T03:06:48Z">
      <class name="crossBrowser.VerifyTitle">
        <test-method status="PASS" signature="verifyPageTitle(java.lang.String)[pri:0, instance:crossBrowser.VerifyTitle@4f966719]" name="verifyPageTitle" duration-ms="6442" started-at="2017-12-26T22:06:42Z" finished-at="2017-12-26T22:06:48Z">
          <params>
            <param index="0">
              <value>
                <![CDATA[chrome]]>
              </value>
            </param>
          </params>
          <reporter-output>
          </reporter-output>
        </test-method> <!-- verifyPageTitle -->
      </class> <!-- crossBrowser.VerifyTitle -->
    </test> <!-- chromeTestCases -->
  </suite> <!-- Suite -->
</testng-results>
